<?xml version="1.0" encoding="UTF-8"?>
<!-- Generated by org.testng.reporters.JUnitReportReporter -->
<testsuite hostname="DESKTOP-VEMJ6VN" failures="0" tests="1" name="selenium.SeleniumFramework.Standalonetest" time="13.247" errors="0" timestamp="2024-12-10T18:05:40 IST" skipped="0">
  <testcase classname="selenium.SeleniumFramework.Standalonetest" name="submitorder" time="13.247"/>
</testsuite> <!-- selenium.SeleniumFramework.Standalonetest -->
