<?xml version="1.0" encoding="UTF-8"?>
<!-- Generated by org.testng.reporters.JUnitReportReporter -->
<testsuite hostname="DESKTOP-VEMJ6VN" failures="0" tests="1" name="selenium.Actionselenium.assignment" time="5.944" errors="0" timestamp="2024-11-29T11:52:17 IST" skipped="0">
  <testcase classname="selenium.Actionselenium.assignment" name="assignme" time="5.944"/>
  <system-out/>
</testsuite> <!-- selenium.Actionselenium.assignment -->
