<?xml version="1.0" encoding="UTF-8"?>
<!-- Generated by org.testng.reporters.JUnitReportReporter -->
<testsuite hostname="DESKTOP-VEMJ6VN" failures="0" tests="1" name="SeleniumProject.Webautomation.TestUtils.BaseTest" time="15.515" errors="0" timestamp="2024-10-17T19:27:21 IST" skipped="0">
  <testcase classname="SeleniumProject.Webautomation.TestUtils.BaseTest" name="Config" time="15.515"/>
  <system-out/>
</testsuite> <!-- SeleniumProject.Webautomation.TestUtils.BaseTest -->
