<?xml version="1.0" encoding="UTF-8"?>
<!-- Generated by org.testng.reporters.JUnitReportReporter -->
<testsuite hostname="DESKTOP-VEMJ6VN" failures="0" tests="1" name="SeleniumProject.Webautomation.TestUtils.BaseTest2" time="20.068" errors="0" timestamp="2024-10-25T15:13:30 IST" skipped="0">
  <testcase classname="SeleniumProject.Webautomation.TestUtils.BaseTest2" name="project2" time="20.068"/>
  <system-out/>
</testsuite> <!-- SeleniumProject.Webautomation.TestUtils.BaseTest2 -->
