<?xml version="1.0" encoding="UTF-8"?>
<!-- Generated by org.testng.reporters.JUnitReportReporter -->
<testsuite hostname="DESKTOP-VEMJ6VN" failures="0" tests="1" name="selenium.SeleniumFramework.ErrorValidation" time="5.177" errors="0" timestamp="2024-12-09T19:45:18 IST" skipped="0">
  <testcase classname="selenium.SeleniumFramework.ErrorValidation" name="loginerror" time="5.177"/>
  <system-out/>
</testsuite> <!-- selenium.SeleniumFramework.ErrorValidation -->
