<?xml version="1.0" encoding="UTF-8"?>
<!-- Generated by org.testng.reporters.JUnitReportReporter -->
<testsuite hostname="DESKTOP-VEMJ6VN" failures="0" tests="1" name="selenium.SeleniumFramework.Standalonetest" time="13.085" errors="0" timestamp="2024-12-23T10:23:59 IST" skipped="0">
  <testcase classname="selenium.SeleniumFramework.Standalonetest" name="submitorder" time="13.085"/>
  <system-out/>
</testsuite> <!-- selenium.SeleniumFramework.Standalonetest -->
