<?xml version="1.0" encoding="UTF-8"?>
<!-- Generated by org.testng.reporters.JUnitReportReporter -->
<testsuite hostname="DESKTOP-VEMJ6VN" failures="0" tests="1" name="cucumber.TestNGTestRunner" time="12.215" errors="0" timestamp="2024-12-23T11:02:31 IST" skipped="0">
  <testcase classname="cucumber.TestNGTestRunner" name="runScenario" time="12.215"/>
  <system-out/>
</testsuite> <!-- cucumber.TestNGTestRunner -->
