<?xml version="1.0" encoding="UTF-8"?>
<!-- Generated by org.testng.reporters.JUnitReportReporter -->
<testsuite hostname="DESKTOP-VEMJ6VN" failures="0" tests="1" name="selenium.SeleniumFramework.Standalonetest" time="23.640" errors="0" timestamp="2024-12-05T18:54:53 IST" skipped="0">
  <testcase classname="selenium.SeleniumFramework.Standalonetest" name="submitorder" time="23.640"/>
  <system-out/>
</testsuite> <!-- selenium.SeleniumFramework.Standalonetest -->
