<?xml version="1.0" encoding="UTF-8"?>
<!-- Generated by org.testng.reporters.JUnitReportReporter -->
<testsuite hostname="DESKTOP-VEMJ6VN" failures="0" tests="1" name="selenium.SeleniumFramework.ErrorValidation" time="4.811" errors="0" timestamp="2024-11-05T11:26:16 IST" skipped="0">
  <testcase classname="selenium.SeleniumFramework.ErrorValidation" name="submitorder" time="4.811"/>
  <system-out/>
</testsuite> <!-- selenium.SeleniumFramework.ErrorValidation -->
